mode: set
groupproject3-airbnb-api/features/rooms/service/service.go:17.67,22.2 1 1
groupproject3-airbnb-api/features/rooms/service/service.go:24.60,26.2 1 1
groupproject3-airbnb-api/features/rooms/service/service.go:28.66,30.2 1 1
groupproject3-airbnb-api/features/rooms/service/service.go:32.89,33.27 1 1
groupproject3-airbnb-api/features/rooms/service/service.go:36.2,36.38 1 1
groupproject3-airbnb-api/features/rooms/service/service.go:33.27,35.3 1 0
groupproject3-airbnb-api/features/rooms/service/service.go:39.129,43.24 3 1
groupproject3-airbnb-api/features/rooms/service/service.go:47.2,49.16 3 0
groupproject3-airbnb-api/features/rooms/service/service.go:53.2,55.16 3 0
groupproject3-airbnb-api/features/rooms/service/service.go:59.2,59.35 1 0
groupproject3-airbnb-api/features/rooms/service/service.go:43.24,45.3 1 1
groupproject3-airbnb-api/features/rooms/service/service.go:49.16,51.3 1 0
groupproject3-airbnb-api/features/rooms/service/service.go:55.16,57.3 1 0
groupproject3-airbnb-api/features/rooms/service/service.go:62.102,64.17 2 0
groupproject3-airbnb-api/features/rooms/service/service.go:68.2,68.37 1 0
groupproject3-airbnb-api/features/rooms/service/service.go:72.2,73.16 2 0
groupproject3-airbnb-api/features/rooms/service/service.go:76.2,76.30 1 0
groupproject3-airbnb-api/features/rooms/service/service.go:64.17,66.3 1 0
groupproject3-airbnb-api/features/rooms/service/service.go:68.37,70.3 1 0
groupproject3-airbnb-api/features/rooms/service/service.go:73.16,75.3 1 0
groupproject3-airbnb-api/features/rooms/service/service.go:79.53,81.16 2 1
groupproject3-airbnb-api/features/rooms/service/service.go:85.2,85.37 1 0
groupproject3-airbnb-api/features/rooms/service/service.go:89.2,89.27 1 0
groupproject3-airbnb-api/features/rooms/service/service.go:81.16,83.3 1 0
groupproject3-airbnb-api/features/rooms/service/service.go:85.37,87.3 1 0
groupproject3-airbnb-api/features/user/services/service.go:20.45,24.2 1 1
groupproject3-airbnb-api/features/user/services/service.go:26.59,27.32 1 1
groupproject3-airbnb-api/features/user/services/service.go:34.2,38.16 4 1
groupproject3-airbnb-api/features/user/services/service.go:48.2,48.12 1 1
groupproject3-airbnb-api/features/user/services/service.go:27.32,30.17 2 1
groupproject3-airbnb-api/features/user/services/service.go:30.17,32.4 1 1
groupproject3-airbnb-api/features/user/services/service.go:38.16,40.50 2 1
groupproject3-airbnb-api/features/user/services/service.go:45.3,45.25 1 1
groupproject3-airbnb-api/features/user/services/service.go:40.50,42.4 1 1
groupproject3-airbnb-api/features/user/services/service.go:42.9,44.4 1 1
groupproject3-airbnb-api/features/user/services/service.go:51.82,53.16 2 1
groupproject3-airbnb-api/features/user/services/service.go:63.2,63.71 1 1
groupproject3-airbnb-api/features/user/services/service.go:68.2,75.27 7 1
groupproject3-airbnb-api/features/user/services/service.go:53.16,55.49 2 1
groupproject3-airbnb-api/features/user/services/service.go:60.3,60.42 1 1
groupproject3-airbnb-api/features/user/services/service.go:55.49,57.4 1 1
groupproject3-airbnb-api/features/user/services/service.go:57.9,59.4 1 1
groupproject3-airbnb-api/features/user/services/service.go:63.71,66.3 2 1
groupproject3-airbnb-api/features/user/services/service.go:78.71,81.16 3 1
groupproject3-airbnb-api/features/user/services/service.go:85.2,85.17 1 1
groupproject3-airbnb-api/features/user/services/service.go:81.16,84.3 2 1
groupproject3-airbnb-api/features/user/services/service.go:88.123,96.16 6 1
groupproject3-airbnb-api/features/user/services/service.go:99.2,101.16 3 1
groupproject3-airbnb-api/features/user/services/service.go:112.2,112.17 1 1
groupproject3-airbnb-api/features/user/services/service.go:96.16,98.3 1 1
groupproject3-airbnb-api/features/user/services/service.go:101.16,103.49 2 1
groupproject3-airbnb-api/features/user/services/service.go:110.3,110.38 1 1
groupproject3-airbnb-api/features/user/services/service.go:103.49,105.4 1 1
groupproject3-airbnb-api/features/user/services/service.go:105.9,105.52 1 1
groupproject3-airbnb-api/features/user/services/service.go:105.52,107.4 1 1
groupproject3-airbnb-api/features/user/services/service.go:107.9,107.60 1 1
groupproject3-airbnb-api/features/user/services/service.go:107.60,109.4 1 1
groupproject3-airbnb-api/features/user/services/service.go:115.61,118.16 3 1
groupproject3-airbnb-api/features/user/services/service.go:122.2,122.12 1 1
groupproject3-airbnb-api/features/user/services/service.go:118.16,121.3 2 1
groupproject3-airbnb-api/features/user/services/service.go:125.98,128.16 3 1
groupproject3-airbnb-api/features/user/services/service.go:139.2,139.17 1 1
groupproject3-airbnb-api/features/user/services/service.go:128.16,130.49 2 1
groupproject3-airbnb-api/features/user/services/service.go:137.3,137.38 1 1
groupproject3-airbnb-api/features/user/services/service.go:130.49,132.4 1 0
groupproject3-airbnb-api/features/user/services/service.go:132.9,132.52 1 1
groupproject3-airbnb-api/features/user/services/service.go:132.52,134.4 1 1
groupproject3-airbnb-api/features/user/services/service.go:134.9,134.60 1 1
groupproject3-airbnb-api/features/user/services/service.go:134.60,136.4 1 1
